<?xml version="1.0" encoding="UTF-8"?>
<!-- Generated by org.testng.reporters.JUnitReportReporter -->
<testsuite skipped="0" hostname="DESKTOP-27L8JE7" name="com.testng.RadioButton1" tests="2" failures="0" timestamp="19 Mar 2020 06:11:59 GMT" time="53.398" errors="0">
  <testcase name="RadioButtonTest" time="12.061" classname="com.testng.RadioButton1"/>
  <testcase name="RadioButtonTest" time="41.337" classname="com.testng.RadioButton1"/>
</testsuite> <!-- com.testng.RadioButton1 -->
