<?xml version="1.0" encoding="UTF-8"?>
<!-- Generated by org.testng.reporters.JUnitReportReporter -->
<testsuite skipped="0" hostname="DESKTOP-27L8JE7" name="com.testng.CheckBox1" tests="1" failures="0" timestamp="20 Mar 2020 05:25:46 GMT" time="9.133" errors="0">
  <testcase name="checkboxTest" time="9.133" classname="com.testng.CheckBox1"/>
</testsuite> <!-- com.testng.CheckBox1 -->
