<?xml version="1.0" encoding="UTF-8"?>
<!-- Generated by org.testng.reporters.JUnitReportReporter -->
<testsuite skipped="0" hostname="DESKTOP-27L8JE7" name="suiteD.TestD2" tests="1" failures="0" timestamp="19 Mar 2020 06:28:55 GMT" time="5.003" errors="0">
  <testcase name="testD2" time="5.003" classname="suiteD.TestD2"/>
</testsuite> <!-- suiteD.TestD2 -->
