<?xml version="1.0" encoding="UTF-8"?>
<!-- Generated by org.testng.reporters.JUnitReportReporter -->
<testsuite skipped="0" hostname="DESKTOP-27L8JE7" name="com.testng.NG_001" tests="1" failures="0" timestamp="18 Mar 2020 06:15:06 GMT" time="0.015" errors="0">
  <testcase name="f" time="0.015" classname="com.testng.NG_001"/>
</testsuite> <!-- com.testng.NG_001 -->
