<?xml version="1.0" encoding="UTF-8"?>
<!-- Generated by org.testng.reporters.JUnitReportReporter -->
<testsuite skipped="0" hostname="DESKTOP-27L8JE7" name="com.testng.NG_003" tests="1" failures="0" timestamp="18 Mar 2020 06:26:32 GMT" time="18.935" errors="0">
  <testcase name="amazonTest" time="18.935" classname="com.testng.NG_003"/>
</testsuite> <!-- com.testng.NG_003 -->
