<?xml version="1.0" encoding="UTF-8"?>
<!-- Generated by org.testng.reporters.JUnitReportReporter -->
<testsuite skipped="1" hostname="DESKTOP-27L8JE7" name="com.testng.NG_002" tests="3" failures="0" timestamp="19 Mar 2020 05:23:53 GMT" time="0.013" errors="0">
  <testcase name="f" time="0.007" classname="com.testng.NG_002"/>
  <testcase name="z" time="0.006" classname="com.testng.NG_002"/>
  <testcase name="a" classname="com.testng.NG_002">
    <skipped/>
  </testcase> <!-- a -->
</testsuite> <!-- com.testng.NG_002 -->
