<?xml version="1.0" encoding="UTF-8"?>
<!-- Generated by org.testng.reporters.JUnitReportReporter -->
<testsuite skipped="0" hostname="DESKTOP-27L8JE7" name="com.testng.RadioButton1" tests="1" failures="0" timestamp="20 Mar 2020 05:25:46 GMT" time="11.868" errors="0">
  <testcase name="RadioButtonTest" time="11.868" classname="com.testng.RadioButton1"/>
</testsuite> <!-- com.testng.RadioButton1 -->
